---------- Date: 2015-02-01 02:38:54 ~ IP : ::1 ----------
REQUEST URI : /Templates/index.php?route=faq/list
MOD DETAILS:
   modFile   : D:\Programs\XAMPP\htdocs\Templates\vqmod/xml/bm_system.xml
   id        : System edit
   version   : 2.0.x
   vqmver    : 1.0
   author    : Bommer Luu

File Name    : catalog/controller/common/seo_url.php(1)
VQModObject::applyMod - SEARCH NOT FOUND (ABORTING MOD): if (($data['route'] == 'product/product' && $key == 'product_id') || (($data['route'] == 'product/manufacturer/info' || $data['route'] == 'product/product') && $key == 'manufacturer_id') || ($data['route'] == 'information/information' && $key == 'information_id')) {
----------------------------------------------------------------------


---------- Date: 2015-02-01 02:40:01 ~ IP : ::1 ----------
REQUEST URI : /Templates/index.php?route=faq/list
MOD DETAILS:
   modFile   : D:\Programs\XAMPP\htdocs\Templates\vqmod/xml/bm_system.xml
   id        : System edit
   version   : 2.0.x
   vqmver    : 1.0
   author    : Bommer Luu

File Name    : catalog/controller/common/seo_url.php(1)
VQModObject::applyMod - SEARCH NOT FOUND (ABORTING MOD): if (($data['route'] == 'product/product' && $key == 'product_id') || (($data['route'] == 'product/manufacturer/info' || $data['route'] == 'product/product') && $key == 'manufacturer_id') || ($data['route'] == 'information/information' && $key == 'information_id')) {
----------------------------------------------------------------------


---------- Date: 2015-02-01 02:43:11 ~ IP : ::1 ----------
REQUEST URI : /Templates/index.php?route=faq/list
MOD DETAILS:
   modFile   : D:\Programs\XAMPP\htdocs\Templates\vqmod/xml/bm_system.xml
   id        : System edit
   version   : 2.0.x
   vqmver    : 1.0
   author    : Bommer Luu

File Name    : catalog/controller/common/seo_url.php(1)
VQModObject::applyMod - SEARCH NOT FOUND (ABORTING MOD): if (($data['route'] == 'product/product' && $key == 'product_id') || (($data['route'] == 'product/manufacturer/info' || $data['route'] == 'product/product') && $key == 'manufacturer_id') || ($data['route'] == 'information/information' && $key == 'information_id')) {
----------------------------------------------------------------------


---------- Date: 2015-02-01 02:45:46 ~ IP : ::1 ----------
REQUEST URI : /Templates/nam-linh-chi-nong-lam
MOD DETAILS:
   modFile   : D:\Programs\XAMPP\htdocs\Templates\vqmod/xml/bm_system.xml
   id        : System edit
   version   : 2.0.x
   vqmver    : 1.0
   author    : Bommer Luu

File Name    : catalog/controller/common/seo_url.php(1)
VQModObject::applyMod - SEARCH NOT FOUND (ABORTING MOD): if (($data['route'] == 'product/product' && $key == 'product_id') || (($data['route'] == 'product/manufacturer/info' || $data['route'] == 'product/product') && $key == 'manufacturer_id') || ($data['route'] == 'information/information' && $key == 'information_id')) {
----------------------------------------------------------------------


---------- Date: 2015-02-01 02:48:31 ~ IP : ::1 ----------
REQUEST URI : /Templates/index.php?route=faq/list
MOD DETAILS:
   modFile   : D:\Programs\XAMPP\htdocs\Templates\vqmod/xml/bm_system.xml
   id        : System edit
   version   : 2.0.x
   vqmver    : 1.0
   author    : Bommer Luu

File Name    : catalog/controller/common/seo_url.php(1)
VQModObject::applyMod - SEARCH NOT FOUND (ABORTING MOD): if (($data['route'] == 'product/product' && $key == 'product_id') || (($data['route'] == 'product/manufacturer/info' || $data['route'] == 'product/product') && $key == 'manufacturer_id') || ($data['route'] == 'information/information' && $key == 'information_id')) {
----------------------------------------------------------------------


