---------- Date: 2014-12-15 17:53:22 ~ IP : ::1 ----------
REQUEST URI : /Templates/
MOD DETAILS:
   modFile   : F:\Program\xampp\htdocs\Templates\vqmod/xml/seo_url.xml
   id        : ReferralCheckout
   version   : 1.5.x
   vqmver    : 2.1.7
   author    : Thakker Technologies
Could not resolve path for [admin/model/catalog/oldproduct.php] (SKIPPED)

MOD DETAILS:
   modFile   : F:\Program\xampp\htdocs\Templates\vqmod/xml/tg_newposition.xml
   id        : TG New Postion
   version   : 1.0
   vqmver    : 2.2.1
   author    : themeglobal.com
Could not resolve path for [admin/view/template/module/welcome.tpl] (SKIPPED)

MOD DETAILS:
   modFile   : F:\Program\xampp\htdocs\Templates\vqmod/xml/vqmod_opencart.xml
   id        : VQMOD CORE FOR OPENCART - DO NOT REMOVE
   version   : 1.4.x and 1.5.x
   vqmver    : 2.X
   author    : vqmod.com
Could not resolve path for [system/library/template.php] (SKIPPED)

----------------------------------------------------------------------


---------- Date: 2014-12-15 17:53:25 ~ IP : ::1 ----------
REQUEST URI : /Templates/admin/index.php?route=extension/module&token=5c3c997b33057ef4710af659966ab062
MOD DETAILS:
   modFile   : F:\Program\xampp\htdocs\Templates\vqmod/xml/seo_url.xml
   id        : ReferralCheckout
   version   : 1.5.x
   vqmver    : 2.1.7
   author    : Thakker Technologies
Could not resolve path for [admin/model/catalog/oldproduct.php] (SKIPPED)

MOD DETAILS:
   modFile   : F:\Program\xampp\htdocs\Templates\vqmod/xml/tg_newposition.xml
   id        : TG New Postion
   version   : 1.0
   vqmver    : 2.2.1
   author    : themeglobal.com
Could not resolve path for [admin/view/template/module/welcome.tpl] (SKIPPED)

MOD DETAILS:
   modFile   : F:\Program\xampp\htdocs\Templates\vqmod/xml/vqmod_opencart.xml
   id        : VQMOD CORE FOR OPENCART - DO NOT REMOVE
   version   : 1.4.x and 1.5.x
   vqmver    : 2.X
   author    : vqmod.com
Could not resolve path for [system/library/template.php] (SKIPPED)

----------------------------------------------------------------------


---------- Date: 2014-12-15 17:54:51 ~ IP : ::1 ----------
REQUEST URI : /Templates/admin/index.php?route=extension/module&token=5c3c997b33057ef4710af659966ab062
MOD DETAILS:
   modFile   : F:\Program\xampp\htdocs\Templates\vqmod/xml/seo_url.xml
   id        : ReferralCheckout
   version   : 1.5.x
   vqmver    : 2.1.7
   author    : Thakker Technologies
Could not resolve path for [admin/model/catalog/oldproduct.php] (SKIPPED)

MOD DETAILS:
   modFile   : F:\Program\xampp\htdocs\Templates\vqmod/xml/tg_newposition.xml
   id        : TG New Postion
   version   : 1.0
   vqmver    : 2.2.1
   author    : themeglobal.com
Could not resolve path for [admin/view/template/module/welcome.tpl] (SKIPPED)

MOD DETAILS:
   modFile   : F:\Program\xampp\htdocs\Templates\vqmod/xml/vqmod_opencart.xml
   id        : VQMOD CORE FOR OPENCART - DO NOT REMOVE
   version   : 1.4.x and 1.5.x
   vqmver    : 2.X
   author    : vqmod.com
Could not resolve path for [system/library/template.php] (SKIPPED)

----------------------------------------------------------------------


---------- Date: 2014-12-15 19:02:10 ~ IP : ::1 ----------
REQUEST URI : /Templates/admin/index.php?route=extension/module/install&token=5c3c997b33057ef4710af659966ab062&extension=store
MOD DETAILS:
   modFile   : F:\Program\xampp\htdocs\Templates\vqmod/xml/seo_url.xml
   id        : ReferralCheckout
   version   : 1.5.x
   vqmver    : 2.1.7
   author    : Thakker Technologies
Could not resolve path for [admin/model/catalog/oldproduct.php] (SKIPPED)

MOD DETAILS:
   modFile   : F:\Program\xampp\htdocs\Templates\vqmod/xml/tg_newposition.xml
   id        : TG New Postion
   version   : 1.0
   vqmver    : 2.2.1
   author    : themeglobal.com
Could not resolve path for [admin/view/template/module/welcome.tpl] (SKIPPED)

MOD DETAILS:
   modFile   : F:\Program\xampp\htdocs\Templates\vqmod/xml/vqmod_opencart.xml
   id        : VQMOD CORE FOR OPENCART - DO NOT REMOVE
   version   : 1.4.x and 1.5.x
   vqmver    : 2.X
   author    : vqmod.com
Could not resolve path for [system/library/template.php] (SKIPPED)

----------------------------------------------------------------------


---------- Date: 2014-12-15 19:02:11 ~ IP : ::1 ----------
REQUEST URI : /Templates/admin/index.php?route=extension/module&token=5c3c997b33057ef4710af659966ab062
MOD DETAILS:
   modFile   : F:\Program\xampp\htdocs\Templates\vqmod/xml/seo_url.xml
   id        : ReferralCheckout
   version   : 1.5.x
   vqmver    : 2.1.7
   author    : Thakker Technologies
Could not resolve path for [admin/model/catalog/oldproduct.php] (SKIPPED)

MOD DETAILS:
   modFile   : F:\Program\xampp\htdocs\Templates\vqmod/xml/tg_newposition.xml
   id        : TG New Postion
   version   : 1.0
   vqmver    : 2.2.1
   author    : themeglobal.com
Could not resolve path for [admin/view/template/module/welcome.tpl] (SKIPPED)

MOD DETAILS:
   modFile   : F:\Program\xampp\htdocs\Templates\vqmod/xml/vqmod_opencart.xml
   id        : VQMOD CORE FOR OPENCART - DO NOT REMOVE
   version   : 1.4.x and 1.5.x
   vqmver    : 2.X
   author    : vqmod.com
Could not resolve path for [system/library/template.php] (SKIPPED)

----------------------------------------------------------------------


---------- Date: 2014-12-15 19:02:19 ~ IP : ::1 ----------
REQUEST URI : /Templates/admin/index.php?route=module/store&token=5c3c997b33057ef4710af659966ab062
MOD DETAILS:
   modFile   : F:\Program\xampp\htdocs\Templates\vqmod/xml/seo_url.xml
   id        : ReferralCheckout
   version   : 1.5.x
   vqmver    : 2.1.7
   author    : Thakker Technologies
Could not resolve path for [admin/model/catalog/oldproduct.php] (SKIPPED)

MOD DETAILS:
   modFile   : F:\Program\xampp\htdocs\Templates\vqmod/xml/tg_newposition.xml
   id        : TG New Postion
   version   : 1.0
   vqmver    : 2.2.1
   author    : themeglobal.com
Could not resolve path for [admin/view/template/module/welcome.tpl] (SKIPPED)

MOD DETAILS:
   modFile   : F:\Program\xampp\htdocs\Templates\vqmod/xml/vqmod_opencart.xml
   id        : VQMOD CORE FOR OPENCART - DO NOT REMOVE
   version   : 1.4.x and 1.5.x
   vqmver    : 2.X
   author    : vqmod.com
Could not resolve path for [system/library/template.php] (SKIPPED)

----------------------------------------------------------------------


---------- Date: 2014-12-15 19:02:33 ~ IP : ::1 ----------
REQUEST URI : /Templates/admin/index.php?route=module/store&token=5c3c997b33057ef4710af659966ab062
MOD DETAILS:
   modFile   : F:\Program\xampp\htdocs\Templates\vqmod/xml/seo_url.xml
   id        : ReferralCheckout
   version   : 1.5.x
   vqmver    : 2.1.7
   author    : Thakker Technologies
Could not resolve path for [admin/model/catalog/oldproduct.php] (SKIPPED)

MOD DETAILS:
   modFile   : F:\Program\xampp\htdocs\Templates\vqmod/xml/tg_newposition.xml
   id        : TG New Postion
   version   : 1.0
   vqmver    : 2.2.1
   author    : themeglobal.com
Could not resolve path for [admin/view/template/module/welcome.tpl] (SKIPPED)

MOD DETAILS:
   modFile   : F:\Program\xampp\htdocs\Templates\vqmod/xml/vqmod_opencart.xml
   id        : VQMOD CORE FOR OPENCART - DO NOT REMOVE
   version   : 1.4.x and 1.5.x
   vqmver    : 2.X
   author    : vqmod.com
Could not resolve path for [system/library/template.php] (SKIPPED)

----------------------------------------------------------------------


---------- Date: 2014-12-15 19:02:34 ~ IP : ::1 ----------
REQUEST URI : /Templates/admin/index.php?route=extension/module&token=5c3c997b33057ef4710af659966ab062
MOD DETAILS:
   modFile   : F:\Program\xampp\htdocs\Templates\vqmod/xml/seo_url.xml
   id        : ReferralCheckout
   version   : 1.5.x
   vqmver    : 2.1.7
   author    : Thakker Technologies
Could not resolve path for [admin/model/catalog/oldproduct.php] (SKIPPED)

MOD DETAILS:
   modFile   : F:\Program\xampp\htdocs\Templates\vqmod/xml/tg_newposition.xml
   id        : TG New Postion
   version   : 1.0
   vqmver    : 2.2.1
   author    : themeglobal.com
Could not resolve path for [admin/view/template/module/welcome.tpl] (SKIPPED)

MOD DETAILS:
   modFile   : F:\Program\xampp\htdocs\Templates\vqmod/xml/vqmod_opencart.xml
   id        : VQMOD CORE FOR OPENCART - DO NOT REMOVE
   version   : 1.4.x and 1.5.x
   vqmver    : 2.X
   author    : vqmod.com
Could not resolve path for [system/library/template.php] (SKIPPED)

----------------------------------------------------------------------


---------- Date: 2014-12-15 19:02:42 ~ IP : ::1 ----------
REQUEST URI : /Templates/admin/index.php?route=design/layout&token=5c3c997b33057ef4710af659966ab062
MOD DETAILS:
   modFile   : F:\Program\xampp\htdocs\Templates\vqmod/xml/seo_url.xml
   id        : ReferralCheckout
   version   : 1.5.x
   vqmver    : 2.1.7
   author    : Thakker Technologies
Could not resolve path for [admin/model/catalog/oldproduct.php] (SKIPPED)

MOD DETAILS:
   modFile   : F:\Program\xampp\htdocs\Templates\vqmod/xml/tg_newposition.xml
   id        : TG New Postion
   version   : 1.0
   vqmver    : 2.2.1
   author    : themeglobal.com
Could not resolve path for [admin/view/template/module/welcome.tpl] (SKIPPED)

MOD DETAILS:
   modFile   : F:\Program\xampp\htdocs\Templates\vqmod/xml/vqmod_opencart.xml
   id        : VQMOD CORE FOR OPENCART - DO NOT REMOVE
   version   : 1.4.x and 1.5.x
   vqmver    : 2.X
   author    : vqmod.com
Could not resolve path for [system/library/template.php] (SKIPPED)

----------------------------------------------------------------------


---------- Date: 2014-12-15 19:02:48 ~ IP : ::1 ----------
REQUEST URI : /Templates/admin/index.php?route=design/layout/edit&token=5c3c997b33057ef4710af659966ab062&layout_id=1
MOD DETAILS:
   modFile   : F:\Program\xampp\htdocs\Templates\vqmod/xml/seo_url.xml
   id        : ReferralCheckout
   version   : 1.5.x
   vqmver    : 2.1.7
   author    : Thakker Technologies
Could not resolve path for [admin/model/catalog/oldproduct.php] (SKIPPED)

MOD DETAILS:
   modFile   : F:\Program\xampp\htdocs\Templates\vqmod/xml/tg_newposition.xml
   id        : TG New Postion
   version   : 1.0
   vqmver    : 2.2.1
   author    : themeglobal.com
Could not resolve path for [admin/view/template/module/welcome.tpl] (SKIPPED)

MOD DETAILS:
   modFile   : F:\Program\xampp\htdocs\Templates\vqmod/xml/vqmod_opencart.xml
   id        : VQMOD CORE FOR OPENCART - DO NOT REMOVE
   version   : 1.4.x and 1.5.x
   vqmver    : 2.X
   author    : vqmod.com
Could not resolve path for [system/library/template.php] (SKIPPED)

----------------------------------------------------------------------


---------- Date: 2014-12-15 19:03:05 ~ IP : ::1 ----------
REQUEST URI : /Templates/admin/index.php?route=design/layout/edit&token=5c3c997b33057ef4710af659966ab062&layout_id=1
MOD DETAILS:
   modFile   : F:\Program\xampp\htdocs\Templates\vqmod/xml/seo_url.xml
   id        : ReferralCheckout
   version   : 1.5.x
   vqmver    : 2.1.7
   author    : Thakker Technologies
Could not resolve path for [admin/model/catalog/oldproduct.php] (SKIPPED)

MOD DETAILS:
   modFile   : F:\Program\xampp\htdocs\Templates\vqmod/xml/tg_newposition.xml
   id        : TG New Postion
   version   : 1.0
   vqmver    : 2.2.1
   author    : themeglobal.com
Could not resolve path for [admin/view/template/module/welcome.tpl] (SKIPPED)

MOD DETAILS:
   modFile   : F:\Program\xampp\htdocs\Templates\vqmod/xml/vqmod_opencart.xml
   id        : VQMOD CORE FOR OPENCART - DO NOT REMOVE
   version   : 1.4.x and 1.5.x
   vqmver    : 2.X
   author    : vqmod.com
Could not resolve path for [system/library/template.php] (SKIPPED)

----------------------------------------------------------------------


---------- Date: 2014-12-15 19:03:06 ~ IP : ::1 ----------
REQUEST URI : /Templates/admin/index.php?route=design/layout&token=5c3c997b33057ef4710af659966ab062
MOD DETAILS:
   modFile   : F:\Program\xampp\htdocs\Templates\vqmod/xml/seo_url.xml
   id        : ReferralCheckout
   version   : 1.5.x
   vqmver    : 2.1.7
   author    : Thakker Technologies
Could not resolve path for [admin/model/catalog/oldproduct.php] (SKIPPED)

MOD DETAILS:
   modFile   : F:\Program\xampp\htdocs\Templates\vqmod/xml/tg_newposition.xml
   id        : TG New Postion
   version   : 1.0
   vqmver    : 2.2.1
   author    : themeglobal.com
Could not resolve path for [admin/view/template/module/welcome.tpl] (SKIPPED)

MOD DETAILS:
   modFile   : F:\Program\xampp\htdocs\Templates\vqmod/xml/vqmod_opencart.xml
   id        : VQMOD CORE FOR OPENCART - DO NOT REMOVE
   version   : 1.4.x and 1.5.x
   vqmver    : 2.X
   author    : vqmod.com
Could not resolve path for [system/library/template.php] (SKIPPED)

----------------------------------------------------------------------


---------- Date: 2014-12-15 19:03:10 ~ IP : ::1 ----------
REQUEST URI : /Templates/
MOD DETAILS:
   modFile   : F:\Program\xampp\htdocs\Templates\vqmod/xml/seo_url.xml
   id        : ReferralCheckout
   version   : 1.5.x
   vqmver    : 2.1.7
   author    : Thakker Technologies
Could not resolve path for [admin/model/catalog/oldproduct.php] (SKIPPED)

MOD DETAILS:
   modFile   : F:\Program\xampp\htdocs\Templates\vqmod/xml/tg_newposition.xml
   id        : TG New Postion
   version   : 1.0
   vqmver    : 2.2.1
   author    : themeglobal.com
Could not resolve path for [admin/view/template/module/welcome.tpl] (SKIPPED)

MOD DETAILS:
   modFile   : F:\Program\xampp\htdocs\Templates\vqmod/xml/vqmod_opencart.xml
   id        : VQMOD CORE FOR OPENCART - DO NOT REMOVE
   version   : 1.4.x and 1.5.x
   vqmver    : 2.X
   author    : vqmod.com
Could not resolve path for [system/library/template.php] (SKIPPED)

----------------------------------------------------------------------


---------- Date: 2014-12-15 19:03:23 ~ IP : ::1 ----------
REQUEST URI : /Templates/admin/index.php?route=design/layout/edit&token=5c3c997b33057ef4710af659966ab062&layout_id=1
MOD DETAILS:
   modFile   : F:\Program\xampp\htdocs\Templates\vqmod/xml/seo_url.xml
   id        : ReferralCheckout
   version   : 1.5.x
   vqmver    : 2.1.7
   author    : Thakker Technologies
Could not resolve path for [admin/model/catalog/oldproduct.php] (SKIPPED)

MOD DETAILS:
   modFile   : F:\Program\xampp\htdocs\Templates\vqmod/xml/tg_newposition.xml
   id        : TG New Postion
   version   : 1.0
   vqmver    : 2.2.1
   author    : themeglobal.com
Could not resolve path for [admin/view/template/module/welcome.tpl] (SKIPPED)

MOD DETAILS:
   modFile   : F:\Program\xampp\htdocs\Templates\vqmod/xml/vqmod_opencart.xml
   id        : VQMOD CORE FOR OPENCART - DO NOT REMOVE
   version   : 1.4.x and 1.5.x
   vqmver    : 2.X
   author    : vqmod.com
Could not resolve path for [system/library/template.php] (SKIPPED)

----------------------------------------------------------------------


---------- Date: 2014-12-15 19:03:32 ~ IP : ::1 ----------
REQUEST URI : /Templates/admin/index.php?route=design/layout/edit&token=5c3c997b33057ef4710af659966ab062&layout_id=1
MOD DETAILS:
   modFile   : F:\Program\xampp\htdocs\Templates\vqmod/xml/seo_url.xml
   id        : ReferralCheckout
   version   : 1.5.x
   vqmver    : 2.1.7
   author    : Thakker Technologies
Could not resolve path for [admin/model/catalog/oldproduct.php] (SKIPPED)

MOD DETAILS:
   modFile   : F:\Program\xampp\htdocs\Templates\vqmod/xml/tg_newposition.xml
   id        : TG New Postion
   version   : 1.0
   vqmver    : 2.2.1
   author    : themeglobal.com
Could not resolve path for [admin/view/template/module/welcome.tpl] (SKIPPED)

MOD DETAILS:
   modFile   : F:\Program\xampp\htdocs\Templates\vqmod/xml/vqmod_opencart.xml
   id        : VQMOD CORE FOR OPENCART - DO NOT REMOVE
   version   : 1.4.x and 1.5.x
   vqmver    : 2.X
   author    : vqmod.com
Could not resolve path for [system/library/template.php] (SKIPPED)

----------------------------------------------------------------------


---------- Date: 2014-12-15 19:03:33 ~ IP : ::1 ----------
REQUEST URI : /Templates/admin/index.php?route=design/layout&token=5c3c997b33057ef4710af659966ab062
MOD DETAILS:
   modFile   : F:\Program\xampp\htdocs\Templates\vqmod/xml/seo_url.xml
   id        : ReferralCheckout
   version   : 1.5.x
   vqmver    : 2.1.7
   author    : Thakker Technologies
Could not resolve path for [admin/model/catalog/oldproduct.php] (SKIPPED)

MOD DETAILS:
   modFile   : F:\Program\xampp\htdocs\Templates\vqmod/xml/tg_newposition.xml
   id        : TG New Postion
   version   : 1.0
   vqmver    : 2.2.1
   author    : themeglobal.com
Could not resolve path for [admin/view/template/module/welcome.tpl] (SKIPPED)

MOD DETAILS:
   modFile   : F:\Program\xampp\htdocs\Templates\vqmod/xml/vqmod_opencart.xml
   id        : VQMOD CORE FOR OPENCART - DO NOT REMOVE
   version   : 1.4.x and 1.5.x
   vqmver    : 2.X
   author    : vqmod.com
Could not resolve path for [system/library/template.php] (SKIPPED)

----------------------------------------------------------------------


---------- Date: 2014-12-15 19:03:35 ~ IP : ::1 ----------
REQUEST URI : /Templates/
MOD DETAILS:
   modFile   : F:\Program\xampp\htdocs\Templates\vqmod/xml/seo_url.xml
   id        : ReferralCheckout
   version   : 1.5.x
   vqmver    : 2.1.7
   author    : Thakker Technologies
Could not resolve path for [admin/model/catalog/oldproduct.php] (SKIPPED)

MOD DETAILS:
   modFile   : F:\Program\xampp\htdocs\Templates\vqmod/xml/tg_newposition.xml
   id        : TG New Postion
   version   : 1.0
   vqmver    : 2.2.1
   author    : themeglobal.com
Could not resolve path for [admin/view/template/module/welcome.tpl] (SKIPPED)

MOD DETAILS:
   modFile   : F:\Program\xampp\htdocs\Templates\vqmod/xml/vqmod_opencart.xml
   id        : VQMOD CORE FOR OPENCART - DO NOT REMOVE
   version   : 1.4.x and 1.5.x
   vqmver    : 2.X
   author    : vqmod.com
Could not resolve path for [system/library/template.php] (SKIPPED)

----------------------------------------------------------------------


---------- Date: 2014-12-15 19:03:46 ~ IP : ::1 ----------
REQUEST URI : /Templates/index.php?route=common/home&session_id=a7em5ueq6safp0v58rhdl229r0
MOD DETAILS:
   modFile   : F:\Program\xampp\htdocs\Templates\vqmod/xml/seo_url.xml
   id        : ReferralCheckout
   version   : 1.5.x
   vqmver    : 2.1.7
   author    : Thakker Technologies
Could not resolve path for [admin/model/catalog/oldproduct.php] (SKIPPED)

MOD DETAILS:
   modFile   : F:\Program\xampp\htdocs\Templates\vqmod/xml/tg_newposition.xml
   id        : TG New Postion
   version   : 1.0
   vqmver    : 2.2.1
   author    : themeglobal.com
Could not resolve path for [admin/view/template/module/welcome.tpl] (SKIPPED)

MOD DETAILS:
   modFile   : F:\Program\xampp\htdocs\Templates\vqmod/xml/vqmod_opencart.xml
   id        : VQMOD CORE FOR OPENCART - DO NOT REMOVE
   version   : 1.4.x and 1.5.x
   vqmver    : 2.X
   author    : vqmod.com
Could not resolve path for [system/library/template.php] (SKIPPED)

----------------------------------------------------------------------


---------- Date: 2014-12-15 19:04:02 ~ IP : ::1 ----------
REQUEST URI : /Templates/admin/index.php?route=design/layout/edit&token=5c3c997b33057ef4710af659966ab062&layout_id=1
MOD DETAILS:
   modFile   : F:\Program\xampp\htdocs\Templates\vqmod/xml/seo_url.xml
   id        : ReferralCheckout
   version   : 1.5.x
   vqmver    : 2.1.7
   author    : Thakker Technologies
Could not resolve path for [admin/model/catalog/oldproduct.php] (SKIPPED)

MOD DETAILS:
   modFile   : F:\Program\xampp\htdocs\Templates\vqmod/xml/tg_newposition.xml
   id        : TG New Postion
   version   : 1.0
   vqmver    : 2.2.1
   author    : themeglobal.com
Could not resolve path for [admin/view/template/module/welcome.tpl] (SKIPPED)

MOD DETAILS:
   modFile   : F:\Program\xampp\htdocs\Templates\vqmod/xml/vqmod_opencart.xml
   id        : VQMOD CORE FOR OPENCART - DO NOT REMOVE
   version   : 1.4.x and 1.5.x
   vqmver    : 2.X
   author    : vqmod.com
Could not resolve path for [system/library/template.php] (SKIPPED)

----------------------------------------------------------------------


---------- Date: 2014-12-15 19:04:09 ~ IP : ::1 ----------
REQUEST URI : /Templates/admin/index.php?route=design/layout/edit&token=5c3c997b33057ef4710af659966ab062&layout_id=1
MOD DETAILS:
   modFile   : F:\Program\xampp\htdocs\Templates\vqmod/xml/seo_url.xml
   id        : ReferralCheckout
   version   : 1.5.x
   vqmver    : 2.1.7
   author    : Thakker Technologies
Could not resolve path for [admin/model/catalog/oldproduct.php] (SKIPPED)

MOD DETAILS:
   modFile   : F:\Program\xampp\htdocs\Templates\vqmod/xml/tg_newposition.xml
   id        : TG New Postion
   version   : 1.0
   vqmver    : 2.2.1
   author    : themeglobal.com
Could not resolve path for [admin/view/template/module/welcome.tpl] (SKIPPED)

MOD DETAILS:
   modFile   : F:\Program\xampp\htdocs\Templates\vqmod/xml/vqmod_opencart.xml
   id        : VQMOD CORE FOR OPENCART - DO NOT REMOVE
   version   : 1.4.x and 1.5.x
   vqmver    : 2.X
   author    : vqmod.com
Could not resolve path for [system/library/template.php] (SKIPPED)

----------------------------------------------------------------------


---------- Date: 2014-12-15 19:04:10 ~ IP : ::1 ----------
REQUEST URI : /Templates/admin/index.php?route=design/layout&token=5c3c997b33057ef4710af659966ab062
MOD DETAILS:
   modFile   : F:\Program\xampp\htdocs\Templates\vqmod/xml/seo_url.xml
   id        : ReferralCheckout
   version   : 1.5.x
   vqmver    : 2.1.7
   author    : Thakker Technologies
Could not resolve path for [admin/model/catalog/oldproduct.php] (SKIPPED)

MOD DETAILS:
   modFile   : F:\Program\xampp\htdocs\Templates\vqmod/xml/tg_newposition.xml
   id        : TG New Postion
   version   : 1.0
   vqmver    : 2.2.1
   author    : themeglobal.com
Could not resolve path for [admin/view/template/module/welcome.tpl] (SKIPPED)

MOD DETAILS:
   modFile   : F:\Program\xampp\htdocs\Templates\vqmod/xml/vqmod_opencart.xml
   id        : VQMOD CORE FOR OPENCART - DO NOT REMOVE
   version   : 1.4.x and 1.5.x
   vqmver    : 2.X
   author    : vqmod.com
Could not resolve path for [system/library/template.php] (SKIPPED)

----------------------------------------------------------------------


---------- Date: 2014-12-15 19:04:16 ~ IP : ::1 ----------
REQUEST URI : /Templates/admin/index.php?route=extension/module&token=5c3c997b33057ef4710af659966ab062
MOD DETAILS:
   modFile   : F:\Program\xampp\htdocs\Templates\vqmod/xml/seo_url.xml
   id        : ReferralCheckout
   version   : 1.5.x
   vqmver    : 2.1.7
   author    : Thakker Technologies
Could not resolve path for [admin/model/catalog/oldproduct.php] (SKIPPED)

MOD DETAILS:
   modFile   : F:\Program\xampp\htdocs\Templates\vqmod/xml/tg_newposition.xml
   id        : TG New Postion
   version   : 1.0
   vqmver    : 2.2.1
   author    : themeglobal.com
Could not resolve path for [admin/view/template/module/welcome.tpl] (SKIPPED)

MOD DETAILS:
   modFile   : F:\Program\xampp\htdocs\Templates\vqmod/xml/vqmod_opencart.xml
   id        : VQMOD CORE FOR OPENCART - DO NOT REMOVE
   version   : 1.4.x and 1.5.x
   vqmver    : 2.X
   author    : vqmod.com
Could not resolve path for [system/library/template.php] (SKIPPED)

----------------------------------------------------------------------


---------- Date: 2014-12-15 19:04:23 ~ IP : ::1 ----------
REQUEST URI : /Templates/admin/index.php?route=extension/module/uninstall&token=5c3c997b33057ef4710af659966ab062&extension=store
MOD DETAILS:
   modFile   : F:\Program\xampp\htdocs\Templates\vqmod/xml/seo_url.xml
   id        : ReferralCheckout
   version   : 1.5.x
   vqmver    : 2.1.7
   author    : Thakker Technologies
Could not resolve path for [admin/model/catalog/oldproduct.php] (SKIPPED)

MOD DETAILS:
   modFile   : F:\Program\xampp\htdocs\Templates\vqmod/xml/tg_newposition.xml
   id        : TG New Postion
   version   : 1.0
   vqmver    : 2.2.1
   author    : themeglobal.com
Could not resolve path for [admin/view/template/module/welcome.tpl] (SKIPPED)

MOD DETAILS:
   modFile   : F:\Program\xampp\htdocs\Templates\vqmod/xml/vqmod_opencart.xml
   id        : VQMOD CORE FOR OPENCART - DO NOT REMOVE
   version   : 1.4.x and 1.5.x
   vqmver    : 2.X
   author    : vqmod.com
Could not resolve path for [system/library/template.php] (SKIPPED)

----------------------------------------------------------------------


---------- Date: 2014-12-15 19:04:24 ~ IP : ::1 ----------
REQUEST URI : /Templates/admin/index.php?route=extension/module&token=5c3c997b33057ef4710af659966ab062
MOD DETAILS:
   modFile   : F:\Program\xampp\htdocs\Templates\vqmod/xml/seo_url.xml
   id        : ReferralCheckout
   version   : 1.5.x
   vqmver    : 2.1.7
   author    : Thakker Technologies
Could not resolve path for [admin/model/catalog/oldproduct.php] (SKIPPED)

MOD DETAILS:
   modFile   : F:\Program\xampp\htdocs\Templates\vqmod/xml/tg_newposition.xml
   id        : TG New Postion
   version   : 1.0
   vqmver    : 2.2.1
   author    : themeglobal.com
Could not resolve path for [admin/view/template/module/welcome.tpl] (SKIPPED)

MOD DETAILS:
   modFile   : F:\Program\xampp\htdocs\Templates\vqmod/xml/vqmod_opencart.xml
   id        : VQMOD CORE FOR OPENCART - DO NOT REMOVE
   version   : 1.4.x and 1.5.x
   vqmver    : 2.X
   author    : vqmod.com
Could not resolve path for [system/library/template.php] (SKIPPED)

----------------------------------------------------------------------


---------- Date: 2014-12-15 19:04:26 ~ IP : ::1 ----------
REQUEST URI : /Templates/index.php?route=common/home&session_id=a7em5ueq6safp0v58rhdl229r0
MOD DETAILS:
   modFile   : F:\Program\xampp\htdocs\Templates\vqmod/xml/seo_url.xml
   id        : ReferralCheckout
   version   : 1.5.x
   vqmver    : 2.1.7
   author    : Thakker Technologies
Could not resolve path for [admin/model/catalog/oldproduct.php] (SKIPPED)

MOD DETAILS:
   modFile   : F:\Program\xampp\htdocs\Templates\vqmod/xml/tg_newposition.xml
   id        : TG New Postion
   version   : 1.0
   vqmver    : 2.2.1
   author    : themeglobal.com
Could not resolve path for [admin/view/template/module/welcome.tpl] (SKIPPED)

MOD DETAILS:
   modFile   : F:\Program\xampp\htdocs\Templates\vqmod/xml/vqmod_opencart.xml
   id        : VQMOD CORE FOR OPENCART - DO NOT REMOVE
   version   : 1.4.x and 1.5.x
   vqmver    : 2.X
   author    : vqmod.com
Could not resolve path for [system/library/template.php] (SKIPPED)

----------------------------------------------------------------------


---------- Date: 2014-12-15 19:05:27 ~ IP : ::1 ----------
REQUEST URI : /Templates/index.php?route=common/home&session_id=a7em5ueq6safp0v58rhdl229r0
MOD DETAILS:
   modFile   : F:\Program\xampp\htdocs\Templates\vqmod/xml/seo_url.xml
   id        : ReferralCheckout
   version   : 1.5.x
   vqmver    : 2.1.7
   author    : Thakker Technologies
Could not resolve path for [admin/model/catalog/oldproduct.php] (SKIPPED)

MOD DETAILS:
   modFile   : F:\Program\xampp\htdocs\Templates\vqmod/xml/tg_newposition.xml
   id        : TG New Postion
   version   : 1.0
   vqmver    : 2.2.1
   author    : themeglobal.com
Could not resolve path for [admin/view/template/module/welcome.tpl] (SKIPPED)

MOD DETAILS:
   modFile   : F:\Program\xampp\htdocs\Templates\vqmod/xml/vqmod_opencart.xml
   id        : VQMOD CORE FOR OPENCART - DO NOT REMOVE
   version   : 1.4.x and 1.5.x
   vqmver    : 2.X
   author    : vqmod.com
Could not resolve path for [system/library/template.php] (SKIPPED)

----------------------------------------------------------------------


---------- Date: 2014-12-15 19:05:41 ~ IP : ::1 ----------
REQUEST URI : /Templates/admin/index.php?route=design/layout&token=5c3c997b33057ef4710af659966ab062
MOD DETAILS:
   modFile   : F:\Program\xampp\htdocs\Templates\vqmod/xml/seo_url.xml
   id        : ReferralCheckout
   version   : 1.5.x
   vqmver    : 2.1.7
   author    : Thakker Technologies
Could not resolve path for [admin/model/catalog/oldproduct.php] (SKIPPED)

MOD DETAILS:
   modFile   : F:\Program\xampp\htdocs\Templates\vqmod/xml/tg_newposition.xml
   id        : TG New Postion
   version   : 1.0
   vqmver    : 2.2.1
   author    : themeglobal.com
Could not resolve path for [admin/view/template/module/welcome.tpl] (SKIPPED)

MOD DETAILS:
   modFile   : F:\Program\xampp\htdocs\Templates\vqmod/xml/vqmod_opencart.xml
   id        : VQMOD CORE FOR OPENCART - DO NOT REMOVE
   version   : 1.4.x and 1.5.x
   vqmver    : 2.X
   author    : vqmod.com
Could not resolve path for [system/library/template.php] (SKIPPED)

----------------------------------------------------------------------


---------- Date: 2014-12-15 19:05:46 ~ IP : ::1 ----------
REQUEST URI : /Templates/admin/index.php?route=design/layout/edit&token=5c3c997b33057ef4710af659966ab062&layout_id=1
MOD DETAILS:
   modFile   : F:\Program\xampp\htdocs\Templates\vqmod/xml/seo_url.xml
   id        : ReferralCheckout
   version   : 1.5.x
   vqmver    : 2.1.7
   author    : Thakker Technologies
Could not resolve path for [admin/model/catalog/oldproduct.php] (SKIPPED)

MOD DETAILS:
   modFile   : F:\Program\xampp\htdocs\Templates\vqmod/xml/tg_newposition.xml
   id        : TG New Postion
   version   : 1.0
   vqmver    : 2.2.1
   author    : themeglobal.com
Could not resolve path for [admin/view/template/module/welcome.tpl] (SKIPPED)

MOD DETAILS:
   modFile   : F:\Program\xampp\htdocs\Templates\vqmod/xml/vqmod_opencart.xml
   id        : VQMOD CORE FOR OPENCART - DO NOT REMOVE
   version   : 1.4.x and 1.5.x
   vqmver    : 2.X
   author    : vqmod.com
Could not resolve path for [system/library/template.php] (SKIPPED)

----------------------------------------------------------------------


---------- Date: 2014-12-15 19:06:18 ~ IP : ::1 ----------
REQUEST URI : /Templates/admin/index.php?route=design/layout/edit&token=5c3c997b33057ef4710af659966ab062&layout_id=1
MOD DETAILS:
   modFile   : F:\Program\xampp\htdocs\Templates\vqmod/xml/seo_url.xml
   id        : ReferralCheckout
   version   : 1.5.x
   vqmver    : 2.1.7
   author    : Thakker Technologies
Could not resolve path for [admin/model/catalog/oldproduct.php] (SKIPPED)

MOD DETAILS:
   modFile   : F:\Program\xampp\htdocs\Templates\vqmod/xml/tg_newposition.xml
   id        : TG New Postion
   version   : 1.0
   vqmver    : 2.2.1
   author    : themeglobal.com
Could not resolve path for [admin/view/template/module/welcome.tpl] (SKIPPED)

MOD DETAILS:
   modFile   : F:\Program\xampp\htdocs\Templates\vqmod/xml/vqmod_opencart.xml
   id        : VQMOD CORE FOR OPENCART - DO NOT REMOVE
   version   : 1.4.x and 1.5.x
   vqmver    : 2.X
   author    : vqmod.com
Could not resolve path for [system/library/template.php] (SKIPPED)

----------------------------------------------------------------------


---------- Date: 2014-12-15 19:06:19 ~ IP : ::1 ----------
REQUEST URI : /Templates/admin/index.php?route=design/layout&token=5c3c997b33057ef4710af659966ab062
MOD DETAILS:
   modFile   : F:\Program\xampp\htdocs\Templates\vqmod/xml/seo_url.xml
   id        : ReferralCheckout
   version   : 1.5.x
   vqmver    : 2.1.7
   author    : Thakker Technologies
Could not resolve path for [admin/model/catalog/oldproduct.php] (SKIPPED)

MOD DETAILS:
   modFile   : F:\Program\xampp\htdocs\Templates\vqmod/xml/tg_newposition.xml
   id        : TG New Postion
   version   : 1.0
   vqmver    : 2.2.1
   author    : themeglobal.com
Could not resolve path for [admin/view/template/module/welcome.tpl] (SKIPPED)

MOD DETAILS:
   modFile   : F:\Program\xampp\htdocs\Templates\vqmod/xml/vqmod_opencart.xml
   id        : VQMOD CORE FOR OPENCART - DO NOT REMOVE
   version   : 1.4.x and 1.5.x
   vqmver    : 2.X
   author    : vqmod.com
Could not resolve path for [system/library/template.php] (SKIPPED)

----------------------------------------------------------------------


---------- Date: 2014-12-15 19:06:22 ~ IP : ::1 ----------
REQUEST URI : /Templates/index.php?route=common/home&session_id=a7em5ueq6safp0v58rhdl229r0
MOD DETAILS:
   modFile   : F:\Program\xampp\htdocs\Templates\vqmod/xml/seo_url.xml
   id        : ReferralCheckout
   version   : 1.5.x
   vqmver    : 2.1.7
   author    : Thakker Technologies
Could not resolve path for [admin/model/catalog/oldproduct.php] (SKIPPED)

MOD DETAILS:
   modFile   : F:\Program\xampp\htdocs\Templates\vqmod/xml/tg_newposition.xml
   id        : TG New Postion
   version   : 1.0
   vqmver    : 2.2.1
   author    : themeglobal.com
Could not resolve path for [admin/view/template/module/welcome.tpl] (SKIPPED)

MOD DETAILS:
   modFile   : F:\Program\xampp\htdocs\Templates\vqmod/xml/vqmod_opencart.xml
   id        : VQMOD CORE FOR OPENCART - DO NOT REMOVE
   version   : 1.4.x and 1.5.x
   vqmver    : 2.X
   author    : vqmod.com
Could not resolve path for [system/library/template.php] (SKIPPED)

----------------------------------------------------------------------


---------- Date: 2014-12-15 19:06:44 ~ IP : ::1 ----------
REQUEST URI : /Templates/admin/index.php?route=design/layout/edit&token=5c3c997b33057ef4710af659966ab062&layout_id=1
MOD DETAILS:
   modFile   : F:\Program\xampp\htdocs\Templates\vqmod/xml/seo_url.xml
   id        : ReferralCheckout
   version   : 1.5.x
   vqmver    : 2.1.7
   author    : Thakker Technologies
Could not resolve path for [admin/model/catalog/oldproduct.php] (SKIPPED)

MOD DETAILS:
   modFile   : F:\Program\xampp\htdocs\Templates\vqmod/xml/tg_newposition.xml
   id        : TG New Postion
   version   : 1.0
   vqmver    : 2.2.1
   author    : themeglobal.com
Could not resolve path for [admin/view/template/module/welcome.tpl] (SKIPPED)

MOD DETAILS:
   modFile   : F:\Program\xampp\htdocs\Templates\vqmod/xml/vqmod_opencart.xml
   id        : VQMOD CORE FOR OPENCART - DO NOT REMOVE
   version   : 1.4.x and 1.5.x
   vqmver    : 2.X
   author    : vqmod.com
Could not resolve path for [system/library/template.php] (SKIPPED)

----------------------------------------------------------------------


---------- Date: 2014-12-15 19:07:13 ~ IP : ::1 ----------
REQUEST URI : /Templates/admin/index.php?route=design/layout/edit&token=5c3c997b33057ef4710af659966ab062&layout_id=1
MOD DETAILS:
   modFile   : F:\Program\xampp\htdocs\Templates\vqmod/xml/seo_url.xml
   id        : ReferralCheckout
   version   : 1.5.x
   vqmver    : 2.1.7
   author    : Thakker Technologies
Could not resolve path for [admin/model/catalog/oldproduct.php] (SKIPPED)

MOD DETAILS:
   modFile   : F:\Program\xampp\htdocs\Templates\vqmod/xml/tg_newposition.xml
   id        : TG New Postion
   version   : 1.0
   vqmver    : 2.2.1
   author    : themeglobal.com
Could not resolve path for [admin/view/template/module/welcome.tpl] (SKIPPED)

MOD DETAILS:
   modFile   : F:\Program\xampp\htdocs\Templates\vqmod/xml/vqmod_opencart.xml
   id        : VQMOD CORE FOR OPENCART - DO NOT REMOVE
   version   : 1.4.x and 1.5.x
   vqmver    : 2.X
   author    : vqmod.com
Could not resolve path for [system/library/template.php] (SKIPPED)

----------------------------------------------------------------------


---------- Date: 2014-12-15 19:07:14 ~ IP : ::1 ----------
REQUEST URI : /Templates/admin/index.php?route=design/layout&token=5c3c997b33057ef4710af659966ab062
MOD DETAILS:
   modFile   : F:\Program\xampp\htdocs\Templates\vqmod/xml/seo_url.xml
   id        : ReferralCheckout
   version   : 1.5.x
   vqmver    : 2.1.7
   author    : Thakker Technologies
Could not resolve path for [admin/model/catalog/oldproduct.php] (SKIPPED)

MOD DETAILS:
   modFile   : F:\Program\xampp\htdocs\Templates\vqmod/xml/tg_newposition.xml
   id        : TG New Postion
   version   : 1.0
   vqmver    : 2.2.1
   author    : themeglobal.com
Could not resolve path for [admin/view/template/module/welcome.tpl] (SKIPPED)

MOD DETAILS:
   modFile   : F:\Program\xampp\htdocs\Templates\vqmod/xml/vqmod_opencart.xml
   id        : VQMOD CORE FOR OPENCART - DO NOT REMOVE
   version   : 1.4.x and 1.5.x
   vqmver    : 2.X
   author    : vqmod.com
Could not resolve path for [system/library/template.php] (SKIPPED)

----------------------------------------------------------------------


---------- Date: 2014-12-15 19:07:18 ~ IP : ::1 ----------
REQUEST URI : /Templates/index.php?route=common/home&session_id=a7em5ueq6safp0v58rhdl229r0
MOD DETAILS:
   modFile   : F:\Program\xampp\htdocs\Templates\vqmod/xml/seo_url.xml
   id        : ReferralCheckout
   version   : 1.5.x
   vqmver    : 2.1.7
   author    : Thakker Technologies
Could not resolve path for [admin/model/catalog/oldproduct.php] (SKIPPED)

MOD DETAILS:
   modFile   : F:\Program\xampp\htdocs\Templates\vqmod/xml/tg_newposition.xml
   id        : TG New Postion
   version   : 1.0
   vqmver    : 2.2.1
   author    : themeglobal.com
Could not resolve path for [admin/view/template/module/welcome.tpl] (SKIPPED)

MOD DETAILS:
   modFile   : F:\Program\xampp\htdocs\Templates\vqmod/xml/vqmod_opencart.xml
   id        : VQMOD CORE FOR OPENCART - DO NOT REMOVE
   version   : 1.4.x and 1.5.x
   vqmver    : 2.X
   author    : vqmod.com
Could not resolve path for [system/library/template.php] (SKIPPED)

----------------------------------------------------------------------


---------- Date: 2014-12-15 19:07:30 ~ IP : ::1 ----------
REQUEST URI : /Templates/admin/index.php?route=design/layout/edit&token=5c3c997b33057ef4710af659966ab062&layout_id=1
MOD DETAILS:
   modFile   : F:\Program\xampp\htdocs\Templates\vqmod/xml/seo_url.xml
   id        : ReferralCheckout
   version   : 1.5.x
   vqmver    : 2.1.7
   author    : Thakker Technologies
Could not resolve path for [admin/model/catalog/oldproduct.php] (SKIPPED)

MOD DETAILS:
   modFile   : F:\Program\xampp\htdocs\Templates\vqmod/xml/tg_newposition.xml
   id        : TG New Postion
   version   : 1.0
   vqmver    : 2.2.1
   author    : themeglobal.com
Could not resolve path for [admin/view/template/module/welcome.tpl] (SKIPPED)

MOD DETAILS:
   modFile   : F:\Program\xampp\htdocs\Templates\vqmod/xml/vqmod_opencart.xml
   id        : VQMOD CORE FOR OPENCART - DO NOT REMOVE
   version   : 1.4.x and 1.5.x
   vqmver    : 2.X
   author    : vqmod.com
Could not resolve path for [system/library/template.php] (SKIPPED)

----------------------------------------------------------------------


